<?xml version="1.0" encoding="UTF-8"?>
<!-- Generated by org.testng.reporters.JUnitXMLReporter -->
<testsuite ignored="2" hostname="DESKTOP-C9LVO4O" failures="0" tests="1" name="Test" time="0.036" errors="0" timestamp="2024-05-21T19:30:53 IST">
  <testcase classname="testscripts.NewTestSample" name="second" time="0.006"/>
  <testcase classname="testscripts.NewTestSample" name="third" time="0.0">
    <ignored/>
  </testcase> <!-- third -->
  <testcase classname="testscripts.NewTestSample" name="first" time="0.0">
    <ignored/>
  </testcase> <!-- first -->
</testsuite> <!-- Test -->
