<?xml version="1.0" encoding="UTF-8"?>
<!-- Generated by org.testng.reporters.JUnitXMLReporter -->
<testsuite ignored="4" hostname="DESKTOP-C9LVO4O" failures="0" tests="1" name="ChromeTest" time="21.509" errors="0" timestamp="2024-05-28T15:07:37 IST">
  <testcase classname="testscripts.LoginTest" name="verifyUserIsAbleToLoginUsingValidCredentials" time="1.349"/>
  <testcase classname="testscripts.LoginTest" name="verifyUserIsAbleToLoginUsingInValidUsernameAndInvalidPassword" time="0.0">
    <ignored/>
  </testcase> <!-- verifyUserIsAbleToLoginUsingInValidUsernameAndInvalidPassword -->
  <testcase classname="testscripts.LoginTest" name="verifyUserIsAbleToLoginUsingValidUsernameAndInvalidPassword" time="0.0">
    <ignored/>
  </testcase> <!-- verifyUserIsAbleToLoginUsingValidUsernameAndInvalidPassword -->
  <testcase classname="testscripts.Base" name="initializeMethod" time="0.0">
    <ignored/>
  </testcase> <!-- initializeMethod -->
  <testcase classname="testscripts.LoginTest" name="verifyUserIsAbleToLoginUsingInValidUsernameAndValidPassword" time="0.0">
    <ignored/>
  </testcase> <!-- verifyUserIsAbleToLoginUsingInValidUsernameAndValidPassword -->
</testsuite> <!-- ChromeTest -->
