<?xml version="1.0" encoding="UTF-8"?>
<testng-results ignored="4" total="5" passed="1" failed="0" skipped="0">
  <reporter-output>
  </reporter-output>
  <suite started-at="2024-05-30T15:01:07 IST" name="Suite" finished-at="2024-05-30T15:01:21 IST" duration-ms="13292">
    <groups>
    </groups>
    <test started-at="2024-05-30T15:01:07 IST" name="Test" finished-at="2024-05-30T15:01:21 IST" duration-ms="13292">
      <class name="testscripts.LoginTest">
        <test-method is-config="true" signature="initializeMethod(java.lang.String)[pri:0, instance:testscripts.LoginTest@247310d0]" started-at="2024-05-30T15:01:07 IST" name="initializeMethod" finished-at="2024-05-30T15:01:13 IST" duration-ms="5440" status="PASS">
          <params>
            <param index="0">
              <value>
                <![CDATA[chrome]]>
              </value>
            </param>
          </params>
          <reporter-output>
          </reporter-output>
        </test-method> <!-- initializeMethod -->
        <test-method signature="verifyUserIsAbleToLoginUsingValidCredentials()[pri:0, instance:testscripts.LoginTest@247310d0]" started-at="2024-05-30T15:01:13 IST" name="verifyUserIsAbleToLoginUsingValidCredentials" finished-at="2024-05-30T15:01:20 IST" duration-ms="6744" status="PASS">
          <reporter-output>
          </reporter-output>
        </test-method> <!-- verifyUserIsAbleToLoginUsingValidCredentials -->
        <test-method is-config="true" signature="afterMethod(org.testng.ITestResult)[pri:0, instance:testscripts.LoginTest@247310d0]" started-at="2024-05-30T15:01:20 IST" name="afterMethod" finished-at="2024-05-30T15:01:21 IST" duration-ms="1029" status="PASS">
          <params>
            <param index="0">
              <value>
                <![CDATA[[TestResult name=verifyUserIsAbleToLoginUsingValidCredentials status=SUCCESS method=LoginTest.verifyUserIsAbleToLoginUsingValidCredentials()[pri:0, instance:testscripts.LoginTest@247310d0] output={null}]]]>
              </value>
            </param>
          </params>
          <reporter-output>
          </reporter-output>
        </test-method> <!-- afterMethod -->
      </class> <!-- testscripts.LoginTest -->
    </test> <!-- Test -->
  </suite> <!-- Suite -->
</testng-results>
