<?xml version="1.0" encoding="UTF-8"?>
<testng-results ignored="0" total="7" passed="7" failed="0" skipped="0">
  <reporter-output>
  </reporter-output>
  <suite started-at="2024-05-28T15:12:54 IST" name="Parallel Class Testing" finished-at="2024-05-28T15:15:07 IST" duration-ms="132975">
    <groups>
      <group name="sanity">
        <method signature="LoginTest.verifyUserIsAbleToLoginUsingInValidUsernameAndValidPassword()[pri:0, instance:testscripts.LoginTest@3ce1e309]" name="verifyUserIsAbleToLoginUsingInValidUsernameAndValidPassword" class="testscripts.LoginTest"/>
        <method signature="ManageContentTest.manageContent()[pri:0, instance:testscripts.ManageContentTest@564fabc8]" name="manageContent" class="testscripts.ManageContentTest"/>
      </group> <!-- sanity -->
    </groups>
    <test started-at="2024-05-28T15:12:54 IST" name="Test" finished-at="2024-05-28T15:15:07 IST" duration-ms="132975">
      <class name="testscripts.LoginTest">
        <test-method is-config="true" signature="initializeMethod(java.lang.String)[pri:0, instance:testscripts.LoginTest@3ce1e309]" started-at="2024-05-28T15:12:54 IST" name="initializeMethod" finished-at="2024-05-28T15:13:01 IST" duration-ms="6858" status="PASS">
          <params>
            <param index="0">
              <value>
                <![CDATA[Chrome]]>
              </value>
            </param>
          </params>
          <reporter-output>
          </reporter-output>
        </test-method> <!-- initializeMethod -->
        <test-method signature="initializeMethod(java.lang.String)[pri:0, instance:testscripts.LoginTest@3ce1e309]" started-at="2024-05-28T15:13:01 IST" name="initializeMethod" finished-at="2024-05-28T15:13:07 IST" duration-ms="5810" status="PASS">
          <params>
            <param index="0">
              <value>
                <![CDATA[Chrome]]>
              </value>
            </param>
          </params>
          <reporter-output>
          </reporter-output>
        </test-method> <!-- initializeMethod -->
        <test-method is-config="true" signature="afterMethod(org.testng.ITestResult)[pri:0, instance:testscripts.LoginTest@3ce1e309]" started-at="2024-05-28T15:13:07 IST" name="afterMethod" finished-at="2024-05-28T15:13:08 IST" duration-ms="1384" status="PASS">
          <params>
            <param index="0">
              <value>
                <![CDATA[[TestResult name=initializeMethod status=SUCCESS method=Base.initializeMethod(java.lang.String)[pri:0, instance:testscripts.LoginTest@3ce1e309] output={null}]]]>
              </value>
            </param>
          </params>
          <reporter-output>
          </reporter-output>
        </test-method> <!-- afterMethod -->
        <test-method is-config="true" signature="initializeMethod(java.lang.String)[pri:0, instance:testscripts.LoginTest@3ce1e309]" started-at="2024-05-28T15:13:08 IST" name="initializeMethod" finished-at="2024-05-28T15:14:24 IST" duration-ms="75551" status="PASS">
          <params>
            <param index="0">
              <value>
                <![CDATA[Chrome]]>
              </value>
            </param>
          </params>
          <reporter-output>
          </reporter-output>
        </test-method> <!-- initializeMethod -->
        <test-method signature="verifyUserIsAbleToLoginUsingInValidUsernameAndInvalidPassword()[pri:0, instance:testscripts.LoginTest@3ce1e309]" started-at="2024-05-28T15:14:24 IST" name="verifyUserIsAbleToLoginUsingInValidUsernameAndInvalidPassword" finished-at="2024-05-28T15:14:30 IST" duration-ms="6637" status="PASS">
          <reporter-output>
          </reporter-output>
        </test-method> <!-- verifyUserIsAbleToLoginUsingInValidUsernameAndInvalidPassword -->
        <test-method is-config="true" signature="afterMethod(org.testng.ITestResult)[pri:0, instance:testscripts.LoginTest@3ce1e309]" started-at="2024-05-28T15:14:30 IST" name="afterMethod" finished-at="2024-05-28T15:14:31 IST" duration-ms="310" status="PASS">
          <params>
            <param index="0">
              <value>
                <![CDATA[[TestResult name=verifyUserIsAbleToLoginUsingInValidUsernameAndInvalidPassword status=SUCCESS method=LoginTest.verifyUserIsAbleToLoginUsingInValidUsernameAndInvalidPassword()[pri:0, instance:testscripts.LoginTest@3ce1e309] output={null}]]]>
              </value>
            </param>
          </params>
          <reporter-output>
          </reporter-output>
        </test-method> <!-- afterMethod -->
        <test-method is-config="true" signature="initializeMethod(java.lang.String)[pri:0, instance:testscripts.LoginTest@3ce1e309]" started-at="2024-05-28T15:14:31 IST" name="initializeMethod" finished-at="2024-05-28T15:14:42 IST" duration-ms="11591" status="PASS">
          <params>
            <param index="0">
              <value>
                <![CDATA[Chrome]]>
              </value>
            </param>
          </params>
          <reporter-output>
          </reporter-output>
        </test-method> <!-- initializeMethod -->
        <test-method signature="verifyUserIsAbleToLoginUsingInValidUsernameAndValidPassword()[pri:0, instance:testscripts.LoginTest@3ce1e309]" started-at="2024-05-28T15:14:42 IST" name="verifyUserIsAbleToLoginUsingInValidUsernameAndValidPassword" finished-at="2024-05-28T15:14:43 IST" duration-ms="992" status="PASS">
          <reporter-output>
          </reporter-output>
        </test-method> <!-- verifyUserIsAbleToLoginUsingInValidUsernameAndValidPassword -->
        <test-method is-config="true" signature="afterMethod(org.testng.ITestResult)[pri:0, instance:testscripts.LoginTest@3ce1e309]" started-at="2024-05-28T15:14:43 IST" name="afterMethod" finished-at="2024-05-28T15:14:44 IST" duration-ms="489" status="PASS">
          <params>
            <param index="0">
              <value>
                <![CDATA[[TestResult name=verifyUserIsAbleToLoginUsingInValidUsernameAndValidPassword status=SUCCESS method=LoginTest.verifyUserIsAbleToLoginUsingInValidUsernameAndValidPassword()[pri:0, instance:testscripts.LoginTest@3ce1e309] output={null}]]]>
              </value>
            </param>
          </params>
          <reporter-output>
          </reporter-output>
        </test-method> <!-- afterMethod -->
        <test-method is-config="true" signature="initializeMethod(java.lang.String)[pri:0, instance:testscripts.LoginTest@3ce1e309]" started-at="2024-05-28T15:14:44 IST" name="initializeMethod" finished-at="2024-05-28T15:14:56 IST" duration-ms="12405" status="PASS">
          <params>
            <param index="0">
              <value>
                <![CDATA[Chrome]]>
              </value>
            </param>
          </params>
          <reporter-output>
          </reporter-output>
        </test-method> <!-- initializeMethod -->
        <test-method signature="verifyUserIsAbleToLoginUsingValidCredentials()[pri:0, instance:testscripts.LoginTest@3ce1e309]" started-at="2024-05-28T15:14:56 IST" name="verifyUserIsAbleToLoginUsingValidCredentials" finished-at="2024-05-28T15:15:00 IST" duration-ms="3417" status="PASS">
          <reporter-output>
          </reporter-output>
        </test-method> <!-- verifyUserIsAbleToLoginUsingValidCredentials -->
        <test-method is-config="true" signature="afterMethod(org.testng.ITestResult)[pri:0, instance:testscripts.LoginTest@3ce1e309]" started-at="2024-05-28T15:15:00 IST" name="afterMethod" finished-at="2024-05-28T15:15:00 IST" duration-ms="609" status="PASS">
          <params>
            <param index="0">
              <value>
                <![CDATA[[TestResult name=verifyUserIsAbleToLoginUsingValidCredentials status=SUCCESS method=LoginTest.verifyUserIsAbleToLoginUsingValidCredentials()[pri:0, instance:testscripts.LoginTest@3ce1e309] output={null}]]]>
              </value>
            </param>
          </params>
          <reporter-output>
          </reporter-output>
        </test-method> <!-- afterMethod -->
        <test-method is-config="true" signature="initializeMethod(java.lang.String)[pri:0, instance:testscripts.LoginTest@3ce1e309]" started-at="2024-05-28T15:15:00 IST" name="initializeMethod" finished-at="2024-05-28T15:15:06 IST" duration-ms="5562" status="PASS">
          <params>
            <param index="0">
              <value>
                <![CDATA[Chrome]]>
              </value>
            </param>
          </params>
          <reporter-output>
          </reporter-output>
        </test-method> <!-- initializeMethod -->
        <test-method signature="verifyUserIsAbleToLoginUsingValidUsernameAndInvalidPassword()[pri:0, instance:testscripts.LoginTest@3ce1e309]" started-at="2024-05-28T15:15:06 IST" name="verifyUserIsAbleToLoginUsingValidUsernameAndInvalidPassword" finished-at="2024-05-28T15:15:06 IST" duration-ms="655" status="PASS">
          <reporter-output>
          </reporter-output>
        </test-method> <!-- verifyUserIsAbleToLoginUsingValidUsernameAndInvalidPassword -->
        <test-method is-config="true" signature="afterMethod(org.testng.ITestResult)[pri:0, instance:testscripts.LoginTest@3ce1e309]" started-at="2024-05-28T15:15:06 IST" name="afterMethod" finished-at="2024-05-28T15:15:07 IST" duration-ms="411" status="PASS">
          <params>
            <param index="0">
              <value>
                <![CDATA[[TestResult name=verifyUserIsAbleToLoginUsingValidUsernameAndInvalidPassword status=SUCCESS method=LoginTest.verifyUserIsAbleToLoginUsingValidUsernameAndInvalidPassword()[pri:0, instance:testscripts.LoginTest@3ce1e309] output={null}]]]>
              </value>
            </param>
          </params>
          <reporter-output>
          </reporter-output>
        </test-method> <!-- afterMethod -->
      </class> <!-- testscripts.LoginTest -->
      <class name="testscripts.ManageContentTest">
        <test-method is-config="true" signature="initializeMethod(java.lang.String)[pri:0, instance:testscripts.ManageContentTest@564fabc8]" started-at="2024-05-28T15:12:54 IST" name="initializeMethod" finished-at="2024-05-28T15:13:01 IST" duration-ms="6353" status="PASS">
          <params>
            <param index="0">
              <value>
                <![CDATA[Chrome]]>
              </value>
            </param>
          </params>
          <reporter-output>
          </reporter-output>
        </test-method> <!-- initializeMethod -->
        <test-method signature="initializeMethod(java.lang.String)[pri:0, instance:testscripts.ManageContentTest@564fabc8]" started-at="2024-05-28T15:13:01 IST" name="initializeMethod" finished-at="2024-05-28T15:13:05 IST" duration-ms="4334" status="PASS">
          <params>
            <param index="0">
              <value>
                <![CDATA[Chrome]]>
              </value>
            </param>
          </params>
          <reporter-output>
          </reporter-output>
        </test-method> <!-- initializeMethod -->
        <test-method is-config="true" signature="afterMethod(org.testng.ITestResult)[pri:0, instance:testscripts.ManageContentTest@564fabc8]" started-at="2024-05-28T15:13:05 IST" name="afterMethod" finished-at="2024-05-28T15:13:06 IST" duration-ms="799" status="PASS">
          <params>
            <param index="0">
              <value>
                <![CDATA[[TestResult name=initializeMethod status=SUCCESS method=Base.initializeMethod(java.lang.String)[pri:0, instance:testscripts.ManageContentTest@564fabc8] output={null}]]]>
              </value>
            </param>
          </params>
          <reporter-output>
          </reporter-output>
        </test-method> <!-- afterMethod -->
        <test-method is-config="true" signature="initializeMethod(java.lang.String)[pri:0, instance:testscripts.ManageContentTest@564fabc8]" started-at="2024-05-28T15:13:06 IST" name="initializeMethod" finished-at="2024-05-28T15:13:13 IST" duration-ms="7574" status="PASS">
          <params>
            <param index="0">
              <value>
                <![CDATA[Chrome]]>
              </value>
            </param>
          </params>
          <reporter-output>
          </reporter-output>
        </test-method> <!-- initializeMethod -->
        <test-method signature="manageContent()[pri:0, instance:testscripts.ManageContentTest@564fabc8]" started-at="2024-05-28T15:13:13 IST" name="manageContent" finished-at="2024-05-28T15:14:01 IST" duration-ms="47694" status="PASS">
          <reporter-output>
          </reporter-output>
        </test-method> <!-- manageContent -->
        <test-method is-config="true" signature="afterMethod(org.testng.ITestResult)[pri:0, instance:testscripts.ManageContentTest@564fabc8]" started-at="2024-05-28T15:14:01 IST" name="afterMethod" finished-at="2024-05-28T15:14:02 IST" duration-ms="557" status="PASS">
          <params>
            <param index="0">
              <value>
                <![CDATA[[TestResult name=manageContent status=SUCCESS method=ManageContentTest.manageContent()[pri:0, instance:testscripts.ManageContentTest@564fabc8] output={null}]]]>
              </value>
            </param>
          </params>
          <reporter-output>
          </reporter-output>
        </test-method> <!-- afterMethod -->
      </class> <!-- testscripts.ManageContentTest -->
    </test> <!-- Test -->
  </suite> <!-- Parallel Class Testing -->
</testng-results>
