<?xml version="1.0" encoding="UTF-8"?>
<!-- Generated by org.testng.reporters.JUnitXMLReporter -->
<testsuite ignored="0" hostname="DESKTOP-C9LVO4O" failures="0" tests="7" name="Test" time="75.355" errors="0" timestamp="2024-05-30T14:29:37 IST">
  <testcase classname="testscripts.Base" name="initializeMethod" time="4.013"/>
  <testcase classname="testscripts.Base" name="initializeMethod" time="6.811"/>
  <testcase classname="testscripts.LoginTest" name="verifyUserIsAbleToLoginUsingInValidUsernameAndInvalidPassword" time="8.143"/>
  <testcase classname="testscripts.ManageContentTest" name="manageContent" time="5.985"/>
  <testcase classname="testscripts.LoginTest" name="verifyUserIsAbleToLoginUsingInValidUsernameAndValidPassword" time="1.019"/>
  <testcase classname="testscripts.LoginTest" name="verifyUserIsAbleToLoginUsingValidCredentials" time="1.311"/>
  <testcase classname="testscripts.LoginTest" name="verifyUserIsAbleToLoginUsingValidUsernameAndInvalidPassword" time="0.631"/>
</testsuite> <!-- Test -->
