<?xml version="1.0" encoding="UTF-8"?>
<!-- Generated by org.testng.reporters.JUnitXMLReporter -->
<testsuite ignored="0" hostname="DESKTOP-C9LVO4O" failures="0" tests="7" name="Test" time="132.975" errors="0" timestamp="2024-05-28T15:15:07 IST">
  <testcase classname="testscripts.Base" name="initializeMethod" time="4.334"/>
  <testcase classname="testscripts.Base" name="initializeMethod" time="5.81"/>
  <testcase classname="testscripts.ManageContentTest" name="manageContent" time="47.694"/>
  <testcase classname="testscripts.LoginTest" name="verifyUserIsAbleToLoginUsingInValidUsernameAndInvalidPassword" time="6.637"/>
  <testcase classname="testscripts.LoginTest" name="verifyUserIsAbleToLoginUsingInValidUsernameAndValidPassword" time="0.992"/>
  <testcase classname="testscripts.LoginTest" name="verifyUserIsAbleToLoginUsingValidCredentials" time="3.417"/>
  <testcase classname="testscripts.LoginTest" name="verifyUserIsAbleToLoginUsingValidUsernameAndInvalidPassword" time="0.655"/>
</testsuite> <!-- Test -->
